# JRE version: OpenJDK Runtime Environment Temurin-21.0.7+6 (21.0.7+6) (build 21.0.7+6-LTS)
# Java VM: OpenJDK 64-Bit Server VM Temurin-21.0.7+6 (21.0.7+6-LTS, mixed mode, sharing, tiered, compressed oops, compressed class ptrs, parallel gc, windows-amd64)
GC Precious Log:
 CardTable entry size: 512
 CPUs: 4 total, 4 available
 Memory: 6058M
 Large Page Support: Disabled
 NUMA Support: Disabled
 Compressed Oops: Enabled (32-bit)
 Alignments: Space 512K, Generation 512K, Heap 2M
 Heap Min Capacity: 100M
 Heap Initial Capacity: 100M
 Heap Max Capacity: 1G
 Pre-touch: Disabled
 Parallel Workers: 4
Heap:
 PSYoungGen      total 5120K, used 4482K [0x00000000eab00000, 0x00000000eb100000, 0x0000000100000000)
  eden space 4096K, 91% used [0x00000000eab00000,0x00000000eaead6f8,0x00000000eaf00000)
  from space 1024K, 70% used [0x00000000eaf00000,0x00000000eafb3490,0x00000000eb000000)
  to   space 1024K, 0% used [0x00000000eb000000,0x00000000eb000000,0x00000000eb100000)
 ParOldGen       total 165376K, used 165045K [0x00000000c0000000, 0x00000000ca180000, 0x00000000eab00000)
  object space 165376K, 99% used [0x00000000c0000000,0x00000000ca12d628,0x00000000ca180000)
 Metaspace       used 62496K, committed 64000K, reserved 1114112K
  class space    used 6283K, committed 6912K, reserved 1048576K
GC Heap History (20 events):
Event: 31.264 GC heap before
{Heap before GC invocations=125 (full 3):
 PSYoungGen      total 5120K, used 4735K [0x00000000eab00000, 0x00000000eb100000, 0x0000000100000000)
  eden space 4096K, 99% used [0x00000000eab00000,0x00000000eaeffdc8,0x00000000eaf00000)
  from space 1024K, 62% used [0x00000000eaf00000,0x00000000eafa0000,0x00000000eb000000)
  to   space 1024K, 0% used [0x00000000eb000000,0x00000000eb000000,0x00000000eb100000)
 ParOldGen       total 158720K, used 158670K [0x00000000c0000000, 0x00000000c9b00000, 0x00000000eab00000)
  object space 158720K, 99% used [0x00000000c0000000,0x00000000c9af3a28,0x00000000c9b00000)
 Metaspace       used 62113K, committed 63552K, reserved 1114112K
  class space    used 6247K, committed 6848K, reserved 1048576K
}
Event: 31.267 GC heap after
{Heap after GC invocations=125 (full 3):
 PSYoungGen      total 5120K, used 921K [0x00000000eab00000, 0x00000000eb100000, 0x0000000100000000)
  eden space 4096K, 0% used [0x00000000eab00000,0x00000000eab00000,0x00000000eaf00000)
  from space 1024K, 89% used [0x00000000eb000000,0x00000000eb0e6560,0x00000000eb100000)
  to   space 1024K, 0% used [0x00000000eaf00000,0x00000000eaf00000,0x00000000eb000000)
 ParOldGen       total 159232K, used 159203K [0x00000000c0000000, 0x00000000c9b80000, 0x00000000eab00000)
  object space 159232K, 99% used [0x00000000c0000000,0x00000000c9b78d40,0x00000000c9b80000)
 Metaspace       used 62113K, committed 63552K, reserved 1114112K
  class space    used 6247K, committed 6848K, reserved 1048576K
}
Event: 31.379 GC heap before
{Heap before GC invocations=126 (full 3):
 PSYoungGen      total 5120K, used 5017K [0x00000000eab00000, 0x00000000eb100000, 0x0000000100000000)
  eden space 4096K, 100% used [0x00000000eab00000,0x00000000eaf00000,0x00000000eaf00000)
  from space 1024K, 89% used [0x00000000eb000000,0x00000000eb0e6560,0x00000000eb100000)
  to   space 1024K, 0% used [0x00000000eaf00000,0x00000000eaf00000,0x00000000eb000000)
 ParOldGen       total 159232K, used 159203K [0x00000000c0000000, 0x00000000c9b80000, 0x00000000eab00000)
  object space 159232K, 99% used [0x00000000c0000000,0x00000000c9b78d40,0x00000000c9b80000)
 Metaspace       used 62165K, committed 63552K, reserved 1114112K
  class space    used 6249K, committed 6848K, reserved 1048576K
}
Event: 31.381 GC heap after
{Heap after GC invocations=126 (full 3):
 PSYoungGen      total 5120K, used 576K [0x00000000eab00000, 0x00000000eb100000, 0x0000000100000000)
  eden space 4096K, 0% used [0x00000000eab00000,0x00000000eab00000,0x00000000eaf00000)
  from space 1024K, 56% used [0x00000000eaf00000,0x00000000eaf90000,0x00000000eb000000)
  to   space 1024K, 0% used [0x00000000eb000000,0x00000000eb000000,0x00000000eb100000)
 ParOldGen       total 160256K, used 159984K [0x00000000c0000000, 0x00000000c9c80000, 0x00000000eab00000)
  object space 160256K, 99% used [0x00000000c0000000,0x00000000c9c3c028,0x00000000c9c80000)
 Metaspace       used 62165K, committed 63552K, reserved 1114112K
  class space    used 6249K, committed 6848K, reserved 1048576K
}
Event: 31.408 GC heap before
{Heap before GC invocations=127 (full 3):
 PSYoungGen      total 5120K, used 4672K [0x00000000eab00000, 0x00000000eb100000, 0x0000000100000000)
  eden space 4096K, 100% used [0x00000000eab00000,0x00000000eaf00000,0x00000000eaf00000)
  from space 1024K, 56% used [0x00000000eaf00000,0x00000000eaf90000,0x00000000eb000000)
  to   space 1024K, 0% used [0x00000000eb000000,0x00000000eb000000,0x00000000eb100000)
 ParOldGen       total 160256K, used 159984K [0x00000000c0000000, 0x00000000c9c80000, 0x00000000eab00000)
  object space 160256K, 99% used [0x00000000c0000000,0x00000000c9c3c028,0x00000000c9c80000)
 Metaspace       used 62165K, committed 63552K, reserved 1114112K
  class space    used 6249K, committed 6848K, reserved 1048576K
}
Event: 31.410 GC heap after
{Heap after GC invocations=127 (full 3):
 PSYoungGen      total 5120K, used 704K [0x00000000eab00000, 0x00000000eb100000, 0x0000000100000000)
  eden space 4096K, 0% used [0x00000000eab00000,0x00000000eab00000,0x00000000eaf00000)
  from space 1024K, 68% used [0x00000000eb000000,0x00000000eb0b0000,0x00000000eb100000)
  to   space 1024K, 0% used [0x00000000eaf00000,0x00000000eaf00000,0x00000000eb000000)
 ParOldGen       total 160768K, used 160468K [0x00000000c0000000, 0x00000000c9d00000, 0x00000000eab00000)
  object space 160768K, 99% used [0x00000000c0000000,0x00000000c9cb5348,0x00000000c9d00000)
 Metaspace       used 62165K, committed 63552K, reserved 1114112K
  class space    used 6249K, committed 6848K, reserved 1048576K
}
Event: 31.559 GC heap before
{Heap before GC invocations=128 (full 3):
 PSYoungGen      total 5120K, used 4800K [0x00000000eab00000, 0x00000000eb100000, 0x0000000100000000)
  eden space 4096K, 100% used [0x00000000eab00000,0x00000000eaf00000,0x00000000eaf00000)
  from space 1024K, 68% used [0x00000000eb000000,0x00000000eb0b0000,0x00000000eb100000)
  to   space 1024K, 0% used [0x00000000eaf00000,0x00000000eaf00000,0x00000000eb000000)
 ParOldGen       total 160768K, used 160468K [0x00000000c0000000, 0x00000000c9d00000, 0x00000000eab00000)
  object space 160768K, 99% used [0x00000000c0000000,0x00000000c9cb5348,0x00000000c9d00000)
 Metaspace       used 62167K, committed 63552K, reserved 1114112K
  class space    used 6249K, committed 6848K, reserved 1048576K
}
Event: 31.562 GC heap after
{Heap after GC invocations=128 (full 3):
 PSYoungGen      total 5120K, used 736K [0x00000000eab00000, 0x00000000eb100000, 0x0000000100000000)
  eden space 4096K, 0% used [0x00000000eab00000,0x00000000eab00000,0x00000000eaf00000)
  from space 1024K, 71% used [0x00000000eaf00000,0x00000000eafb8000,0x00000000eb000000)
  to   space 1024K, 0% used [0x00000000eb000000,0x00000000eb000000,0x00000000eb100000)
 ParOldGen       total 161280K, used 161099K [0x00000000c0000000, 0x00000000c9d80000, 0x00000000eab00000)
  object space 161280K, 99% used [0x00000000c0000000,0x00000000c9d52c08,0x00000000c9d80000)
 Metaspace       used 62167K, committed 63552K, reserved 1114112K
  class space    used 6249K, committed 6848K, reserved 1048576K
}
Event: 31.611 GC heap before
{Heap before GC invocations=129 (full 3):
 PSYoungGen      total 5120K, used 4832K [0x00000000eab00000, 0x00000000eb100000, 0x0000000100000000)
  eden space 4096K, 100% used [0x00000000eab00000,0x00000000eaf00000,0x00000000eaf00000)
  from space 1024K, 71% used [0x00000000eaf00000,0x00000000eafb8000,0x00000000eb000000)
  to   space 1024K, 0% used [0x00000000eb000000,0x00000000eb000000,0x00000000eb100000)
 ParOldGen       total 161280K, used 161099K [0x00000000c0000000, 0x00000000c9d80000, 0x00000000eab00000)
  object space 161280K, 99% used [0x00000000c0000000,0x00000000c9d52c08,0x00000000c9d80000)
 Metaspace       used 62193K, committed 63616K, reserved 1114112K
  class space    used 6249K, committed 6848K, reserved 1048576K
}
Event: 31.613 GC heap after
{Heap after GC invocations=129 (full 3):
 PSYoungGen      total 5120K, used 768K [0x00000000eab00000, 0x00000000eb100000, 0x0000000100000000)
  eden space 4096K, 0% used [0x00000000eab00000,0x00000000eab00000,0x00000000eaf00000)
  from space 1024K, 75% used [0x00000000eb000000,0x00000000eb0c0000,0x00000000eb100000)
  to   space 1024K, 0% used [0x00000000eaf00000,0x00000000eaf00000,0x00000000eb000000)
 ParOldGen       total 161792K, used 161758K [0x00000000c0000000, 0x00000000c9e00000, 0x00000000eab00000)
  object space 161792K, 99% used [0x00000000c0000000,0x00000000c9df79e0,0x00000000c9e00000)
 Metaspace       used 62193K, committed 63616K, reserved 1114112K
  class space    used 6249K, committed 6848K, reserved 1048576K
}
Event: 31.637 GC heap before
{Heap before GC invocations=130 (full 3):
 PSYoungGen      total 5120K, used 4864K [0x00000000eab00000, 0x00000000eb100000, 0x0000000100000000)
  eden space 4096K, 100% used [0x00000000eab00000,0x00000000eaf00000,0x00000000eaf00000)
  from space 1024K, 75% used [0x00000000eb000000,0x00000000eb0c0000,0x00000000eb100000)
  to   space 1024K, 0% used [0x00000000eaf00000,0x00000000eaf00000,0x00000000eb000000)
 ParOldGen       total 161792K, used 161758K [0x00000000c0000000, 0x00000000c9e00000, 0x00000000eab00000)
  object space 161792K, 99% used [0x00000000c0000000,0x00000000c9df79e0,0x00000000c9e00000)
 Metaspace       used 62193K, committed 63616K, reserved 1114112K
  class space    used 6249K, committed 6848K, reserved 1048576K
}
Event: 31.640 GC heap after
{Heap after GC invocations=130 (full 3):
 PSYoungGen      total 5120K, used 754K [0x00000000eab00000, 0x00000000eb100000, 0x0000000100000000)
  eden space 4096K, 0% used [0x00000000eab00000,0x00000000eab00000,0x00000000eaf00000)
  from space 1024K, 73% used [0x00000000eaf00000,0x00000000eafbcb20,0x00000000eb000000)
  to   space 1024K, 0% used [0x00000000eb000000,0x00000000eb000000,0x00000000eb100000)
 ParOldGen       total 162816K, used 162467K [0x00000000c0000000, 0x00000000c9f00000, 0x00000000eab00000)
  object space 162816K, 99% used [0x00000000c0000000,0x00000000c9ea8fa0,0x00000000c9f00000)
 Metaspace       used 62193K, committed 63616K, reserved 1114112K
  class space    used 6249K, committed 6848K, reserved 1048576K
}
Event: 31.694 GC heap before
{Heap before GC invocations=131 (full 3):
 PSYoungGen      total 5120K, used 4850K [0x00000000eab00000, 0x00000000eb100000, 0x0000000100000000)
  eden space 4096K, 100% used [0x00000000eab00000,0x00000000eaf00000,0x00000000eaf00000)
  from space 1024K, 73% used [0x00000000eaf00000,0x00000000eafbcb20,0x00000000eb000000)
  to   space 1024K, 0% used [0x00000000eb000000,0x00000000eb000000,0x00000000eb100000)
 ParOldGen       total 162816K, used 162467K [0x00000000c0000000, 0x00000000c9f00000, 0x00000000eab00000)
  object space 162816K, 99% used [0x00000000c0000000,0x00000000c9ea8fa0,0x00000000c9f00000)
 Metaspace       used 62193K, committed 63616K, reserved 1114112K
  class space    used 6249K, committed 6848K, reserved 1048576K
}
Event: 31.696 GC heap after
{Heap after GC invocations=131 (full 3):
 PSYoungGen      total 5120K, used 722K [0x00000000eab00000, 0x00000000eb100000, 0x0000000100000000)
  eden space 4096K, 0% used [0x00000000eab00000,0x00000000eab00000,0x00000000eaf00000)
  from space 1024K, 70% used [0x00000000eb000000,0x00000000eb0b4a38,0x00000000eb100000)
  to   space 1024K, 0% used [0x00000000eaf00000,0x00000000eaf00000,0x00000000eb000000)
 ParOldGen       total 163328K, used 163158K [0x00000000c0000000, 0x00000000c9f80000, 0x00000000eab00000)
  object space 163328K, 99% used [0x00000000c0000000,0x00000000c9f559b8,0x00000000c9f80000)
 Metaspace       used 62193K, committed 63616K, reserved 1114112K
  class space    used 6249K, committed 6848K, reserved 1048576K
}
Event: 31.907 GC heap before
{Heap before GC invocations=132 (full 3):
 PSYoungGen      total 5120K, used 4818K [0x00000000eab00000, 0x00000000eb100000, 0x0000000100000000)
  eden space 4096K, 100% used [0x00000000eab00000,0x00000000eaf00000,0x00000000eaf00000)
  from space 1024K, 70% used [0x00000000eb000000,0x00000000eb0b4a38,0x00000000eb100000)
  to   space 1024K, 0% used [0x00000000eaf00000,0x00000000eaf00000,0x00000000eb000000)
 ParOldGen       total 163328K, used 163158K [0x00000000c0000000, 0x00000000c9f80000, 0x00000000eab00000)
  object space 163328K, 99% used [0x00000000c0000000,0x00000000c9f559b8,0x00000000c9f80000)
 Metaspace       used 62194K, committed 63616K, reserved 1114112K
  class space    used 6249K, committed 6848K, reserved 1048576K
}
Event: 31.909 GC heap after
{Heap after GC invocations=132 (full 3):
 PSYoungGen      total 5120K, used 698K [0x00000000eab00000, 0x00000000eb100000, 0x0000000100000000)
  eden space 4096K, 0% used [0x00000000eab00000,0x00000000eab00000,0x00000000eaf00000)
  from space 1024K, 68% used [0x00000000eaf00000,0x00000000eafaea38,0x00000000eb000000)
  to   space 1024K, 0% used [0x00000000eb000000,0x00000000eb000000,0x00000000eb100000)
 ParOldGen       total 163840K, used 163819K [0x00000000c0000000, 0x00000000ca000000, 0x00000000eab00000)
  object space 163840K, 99% used [0x00000000c0000000,0x00000000c9ffad30,0x00000000ca000000)
 Metaspace       used 62194K, committed 63616K, reserved 1114112K
  class space    used 6249K, committed 6848K, reserved 1048576K
}
Event: 31.989 GC heap before
{Heap before GC invocations=133 (full 3):
 PSYoungGen      total 5120K, used 4794K [0x00000000eab00000, 0x00000000eb100000, 0x0000000100000000)
  eden space 4096K, 100% used [0x00000000eab00000,0x00000000eaf00000,0x00000000eaf00000)
  from space 1024K, 68% used [0x00000000eaf00000,0x00000000eafaea38,0x00000000eb000000)
  to   space 1024K, 0% used [0x00000000eb000000,0x00000000eb000000,0x00000000eb100000)
 ParOldGen       total 163840K, used 163819K [0x00000000c0000000, 0x00000000ca000000, 0x00000000eab00000)
  object space 163840K, 99% used [0x00000000c0000000,0x00000000c9ffad30,0x00000000ca000000)
 Metaspace       used 62235K, committed 63744K, reserved 1114112K
  class space    used 6258K, committed 6848K, reserved 1048576K
}
Event: 31.991 GC heap after
{Heap after GC invocations=133 (full 3):
 PSYoungGen      total 5120K, used 684K [0x00000000eab00000, 0x00000000eb100000, 0x0000000100000000)
  eden space 4096K, 0% used [0x00000000eab00000,0x00000000eab00000,0x00000000eaf00000)
  from space 1024K, 66% used [0x00000000eb000000,0x00000000eb0ab3b0,0x00000000eb100000)
  to   space 1024K, 0% used [0x00000000eaf00000,0x00000000eaf00000,0x00000000eb000000)
 ParOldGen       total 164864K, used 164429K [0x00000000c0000000, 0x00000000ca100000, 0x00000000eab00000)
  object space 164864K, 99% used [0x00000000c0000000,0x00000000ca093798,0x00000000ca100000)
 Metaspace       used 62235K, committed 63744K, reserved 1114112K
  class space    used 6258K, committed 6848K, reserved 1048576K
}
Event: 32.015 GC heap before
{Heap before GC invocations=134 (full 3):
 PSYoungGen      total 5120K, used 4780K [0x00000000eab00000, 0x00000000eb100000, 0x0000000100000000)
  eden space 4096K, 100% used [0x00000000eab00000,0x00000000eaf00000,0x00000000eaf00000)
  from space 1024K, 66% used [0x00000000eb000000,0x00000000eb0ab3b0,0x00000000eb100000)
  to   space 1024K, 0% used [0x00000000eaf00000,0x00000000eaf00000,0x00000000eb000000)
 ParOldGen       total 164864K, used 164429K [0x00000000c0000000, 0x00000000ca100000, 0x00000000eab00000)
  object space 164864K, 99% used [0x00000000c0000000,0x00000000ca093798,0x00000000ca100000)
 Metaspace       used 62354K, committed 63808K, reserved 1114112K
  class space    used 6271K, committed 6848K, reserved 1048576K
}
Event: 32.017 GC heap after
{Heap after GC invocations=134 (full 3):
 PSYoungGen      total 5120K, used 717K [0x00000000eab00000, 0x00000000eb100000, 0x0000000100000000)
  eden space 4096K, 0% used [0x00000000eab00000,0x00000000eab00000,0x00000000eaf00000)
  from space 1024K, 70% used [0x00000000eaf00000,0x00000000eafb3490,0x00000000eb000000)
  to   space 1024K, 0% used [0x00000000eb000000,0x00000000eb000000,0x00000000eb100000)
 ParOldGen       total 165376K, used 165045K [0x00000000c0000000, 0x00000000ca180000, 0x00000000eab00000)
  object space 165376K, 99% used [0x00000000c0000000,0x00000000ca12d628,0x00000000ca180000)
 Metaspace       used 62354K, committed 63808K, reserved 1114112K
  class space    used 6271K, committed 6848K, reserved 1048576K
}

