# JRE version: OpenJDK Runtime Environment Temurin-21.0.7+6 (21.0.7+6) (build 21.0.7+6-LTS)
# Java VM: OpenJDK 64-Bit Server VM Temurin-21.0.7+6 (21.0.7+6-LTS, mixed mode, sharing, tiered, compressed oops, compressed class ptrs, parallel gc, windows-amd64)
GC Precious Log:
 CardTable entry size: 512
 CPUs: 4 total, 4 available
 Memory: 6058M
 Large Page Support: Disabled
 NUMA Support: Disabled
 Compressed Oops: Enabled (32-bit)
 Alignments: Space 512K, Generation 512K, Heap 2M
 Heap Min Capacity: 100M
 Heap Initial Capacity: 100M
 Heap Max Capacity: 1G
 Pre-touch: Disabled
 Parallel Workers: 4
Heap:
 PSYoungGen      total 15360K, used 7718K [0x00000000eab00000, 0x00000000ebe00000, 0x0000000100000000)
  eden space 12800K, 40% used [0x00000000eab00000,0x00000000eb00c5c8,0x00000000eb780000)
  from space 2560K, 99% used [0x00000000eba80000,0x00000000ebcfd4b8,0x00000000ebd00000)
  to   space 3072K, 0% used [0x00000000eb780000,0x00000000eb780000,0x00000000eba80000)
 ParOldGen       total 98816K, used 98679K [0x00000000c0000000, 0x00000000c6080000, 0x00000000eab00000)
  object space 98816K, 99% used [0x00000000c0000000,0x00000000c605dcb8,0x00000000c6080000)
 Metaspace       used 60881K, committed 62272K, reserved 1114112K
  class space    used 6179K, committed 6784K, reserved 1048576K
GC Heap History (20 events):
Event: 20.752 GC heap before
{Heap before GC invocations=49 (full 3):
 PSYoungGen      total 22016K, used 21701K [0x00000000eab00000, 0x00000000ec500000, 0x0000000100000000)
  eden space 18944K, 100% used [0x00000000eab00000,0x00000000ebd80000,0x00000000ebd80000)
  from space 3072K, 89% used [0x00000000ebf80000,0x00000000ec231468,0x00000000ec280000)
  to   space 2560K, 0% used [0x00000000ec280000,0x00000000ec280000,0x00000000ec500000)
 ParOldGen       total 81920K, used 74972K [0x00000000c0000000, 0x00000000c5000000, 0x00000000eab00000)
  object space 81920K, 91% used [0x00000000c0000000,0x00000000c4937340,0x00000000c5000000)
 Metaspace       used 59564K, committed 60992K, reserved 1114112K
  class space    used 6062K, committed 6656K, reserved 1048576K
}
Event: 20.758 GC heap after
{Heap after GC invocations=49 (full 3):
 PSYoungGen      total 15872K, used 2553K [0x00000000eab00000, 0x00000000ed280000, 0x0000000100000000)
  eden space 13312K, 0% used [0x00000000eab00000,0x00000000eab00000,0x00000000eb800000)
  from space 2560K, 99% used [0x00000000ec280000,0x00000000ec4fe750,0x00000000ec500000)
  to   space 10752K, 0% used [0x00000000eb800000,0x00000000eb800000,0x00000000ec280000)
 ParOldGen       total 81920K, used 81643K [0x00000000c0000000, 0x00000000c5000000, 0x00000000eab00000)
  object space 81920K, 99% used [0x00000000c0000000,0x00000000c4fbada8,0x00000000c5000000)
 Metaspace       used 59564K, committed 60992K, reserved 1114112K
  class space    used 6062K, committed 6656K, reserved 1048576K
}
Event: 20.933 GC heap before
{Heap before GC invocations=50 (full 3):
 PSYoungGen      total 15872K, used 15865K [0x00000000eab00000, 0x00000000ed280000, 0x0000000100000000)
  eden space 13312K, 100% used [0x00000000eab00000,0x00000000eb800000,0x00000000eb800000)
  from space 2560K, 99% used [0x00000000ec280000,0x00000000ec4fe750,0x00000000ec500000)
  to   space 10752K, 0% used [0x00000000eb800000,0x00000000eb800000,0x00000000ec280000)
 ParOldGen       total 81920K, used 81643K [0x00000000c0000000, 0x00000000c5000000, 0x00000000eab00000)
  object space 81920K, 99% used [0x00000000c0000000,0x00000000c4fbada8,0x00000000c5000000)
 Metaspace       used 59635K, committed 61120K, reserved 1114112K
  class space    used 6070K, committed 6720K, reserved 1048576K
}
Event: 20.937 GC heap after
{Heap after GC invocations=50 (full 3):
 PSYoungGen      total 15872K, used 2054K [0x00000000eab00000, 0x00000000ec300000, 0x0000000100000000)
  eden space 13312K, 0% used [0x00000000eab00000,0x00000000eab00000,0x00000000eb800000)
  from space 2560K, 80% used [0x00000000eb800000,0x00000000eba01b70,0x00000000eba80000)
  to   space 5120K, 0% used [0x00000000ebe00000,0x00000000ebe00000,0x00000000ec300000)
 ParOldGen       total 82432K, used 81982K [0x00000000c0000000, 0x00000000c5080000, 0x00000000eab00000)
  object space 82432K, 99% used [0x00000000c0000000,0x00000000c500f8c8,0x00000000c5080000)
 Metaspace       used 59635K, committed 61120K, reserved 1114112K
  class space    used 6070K, committed 6720K, reserved 1048576K
}
Event: 21.000 GC heap before
{Heap before GC invocations=51 (full 3):
 PSYoungGen      total 15872K, used 15366K [0x00000000eab00000, 0x00000000ec300000, 0x0000000100000000)
  eden space 13312K, 100% used [0x00000000eab00000,0x00000000eb800000,0x00000000eb800000)
  from space 2560K, 80% used [0x00000000eb800000,0x00000000eba01b70,0x00000000eba80000)
  to   space 5120K, 0% used [0x00000000ebe00000,0x00000000ebe00000,0x00000000ec300000)
 ParOldGen       total 82432K, used 81982K [0x00000000c0000000, 0x00000000c5080000, 0x00000000eab00000)
  object space 82432K, 99% used [0x00000000c0000000,0x00000000c500f8c8,0x00000000c5080000)
 Metaspace       used 59663K, committed 61120K, reserved 1114112K
  class space    used 6071K, committed 6720K, reserved 1048576K
}
Event: 21.005 GC heap after
{Heap after GC invocations=51 (full 3):
 PSYoungGen      total 14848K, used 1533K [0x00000000eab00000, 0x00000000ebf80000, 0x0000000100000000)
  eden space 13312K, 0% used [0x00000000eab00000,0x00000000eab00000,0x00000000eb800000)
  from space 1536K, 99% used [0x00000000ebe00000,0x00000000ebf7f660,0x00000000ebf80000)
  to   space 2560K, 0% used [0x00000000eba80000,0x00000000eba80000,0x00000000ebd00000)
 ParOldGen       total 84480K, used 84000K [0x00000000c0000000, 0x00000000c5280000, 0x00000000eab00000)
  object space 84480K, 99% used [0x00000000c0000000,0x00000000c5208318,0x00000000c5280000)
 Metaspace       used 59663K, committed 61120K, reserved 1114112K
  class space    used 6071K, committed 6720K, reserved 1048576K
}
Event: 21.126 GC heap before
{Heap before GC invocations=52 (full 3):
 PSYoungGen      total 14848K, used 14845K [0x00000000eab00000, 0x00000000ebf80000, 0x0000000100000000)
  eden space 13312K, 100% used [0x00000000eab00000,0x00000000eb800000,0x00000000eb800000)
  from space 1536K, 99% used [0x00000000ebe00000,0x00000000ebf7f660,0x00000000ebf80000)
  to   space 2560K, 0% used [0x00000000eba80000,0x00000000eba80000,0x00000000ebd00000)
 ParOldGen       total 84480K, used 84000K [0x00000000c0000000, 0x00000000c5280000, 0x00000000eab00000)
  object space 84480K, 99% used [0x00000000c0000000,0x00000000c5208318,0x00000000c5280000)
 Metaspace       used 59714K, committed 61184K, reserved 1114112K
  class space    used 6083K, committed 6720K, reserved 1048576K
}
Event: 21.129 GC heap after
{Heap after GC invocations=52 (full 3):
 PSYoungGen      total 15872K, used 1279K [0x00000000eab00000, 0x00000000ebe80000, 0x0000000100000000)
  eden space 13312K, 0% used [0x00000000eab00000,0x00000000eab00000,0x00000000eb800000)
  from space 2560K, 49% used [0x00000000eba80000,0x00000000ebbbffb0,0x00000000ebd00000)
  to   space 1536K, 0% used [0x00000000ebd00000,0x00000000ebd00000,0x00000000ebe80000)
 ParOldGen       total 85504K, used 85346K [0x00000000c0000000, 0x00000000c5380000, 0x00000000eab00000)
  object space 85504K, 99% used [0x00000000c0000000,0x00000000c5358bd0,0x00000000c5380000)
 Metaspace       used 59714K, committed 61184K, reserved 1114112K
  class space    used 6083K, committed 6720K, reserved 1048576K
}
Event: 21.292 GC heap before
{Heap before GC invocations=53 (full 3):
 PSYoungGen      total 15872K, used 14591K [0x00000000eab00000, 0x00000000ebe80000, 0x0000000100000000)
  eden space 13312K, 100% used [0x00000000eab00000,0x00000000eb800000,0x00000000eb800000)
  from space 2560K, 49% used [0x00000000eba80000,0x00000000ebbbffb0,0x00000000ebd00000)
  to   space 1536K, 0% used [0x00000000ebd00000,0x00000000ebd00000,0x00000000ebe80000)
 ParOldGen       total 85504K, used 85347K [0x00000000c0000000, 0x00000000c5380000, 0x00000000eab00000)
  object space 85504K, 99% used [0x00000000c0000000,0x00000000c5358d50,0x00000000c5380000)
 Metaspace       used 59884K, committed 61312K, reserved 1114112K
  class space    used 6096K, committed 6720K, reserved 1048576K
}
Event: 21.296 GC heap after
{Heap after GC invocations=53 (full 3):
 PSYoungGen      total 14848K, used 1527K [0x00000000eab00000, 0x00000000ec000000, 0x0000000100000000)
  eden space 13312K, 0% used [0x00000000eab00000,0x00000000eab00000,0x00000000eb800000)
  from space 1536K, 99% used [0x00000000ebd00000,0x00000000ebe7ddf8,0x00000000ebe80000)
  to   space 4096K, 0% used [0x00000000eb800000,0x00000000eb800000,0x00000000ebc00000)
 ParOldGen       total 87552K, used 87142K [0x00000000c0000000, 0x00000000c5580000, 0x00000000eab00000)
  object space 87552K, 99% used [0x00000000c0000000,0x00000000c5519990,0x00000000c5580000)
 Metaspace       used 59884K, committed 61312K, reserved 1114112K
  class space    used 6096K, committed 6720K, reserved 1048576K
}
Event: 21.418 GC heap before
{Heap before GC invocations=54 (full 3):
 PSYoungGen      total 14848K, used 14839K [0x00000000eab00000, 0x00000000ec000000, 0x0000000100000000)
  eden space 13312K, 100% used [0x00000000eab00000,0x00000000eb800000,0x00000000eb800000)
  from space 1536K, 99% used [0x00000000ebd00000,0x00000000ebe7ddf8,0x00000000ebe80000)
  to   space 4096K, 0% used [0x00000000eb800000,0x00000000eb800000,0x00000000ebc00000)
 ParOldGen       total 87552K, used 87146K [0x00000000c0000000, 0x00000000c5580000, 0x00000000eab00000)
  object space 87552K, 99% used [0x00000000c0000000,0x00000000c551a940,0x00000000c5580000)
 Metaspace       used 60349K, committed 61760K, reserved 1114112K
  class space    used 6143K, committed 6784K, reserved 1048576K
}
Event: 21.424 GC heap after
{Heap after GC invocations=54 (full 3):
 PSYoungGen      total 15872K, used 2345K [0x00000000eab00000, 0x00000000ebe00000, 0x0000000100000000)
  eden space 13312K, 0% used [0x00000000eab00000,0x00000000eab00000,0x00000000eb800000)
  from space 2560K, 91% used [0x00000000eb800000,0x00000000eba4a770,0x00000000eba80000)
  to   space 3072K, 0% used [0x00000000ebb00000,0x00000000ebb00000,0x00000000ebe00000)
 ParOldGen       total 89088K, used 88593K [0x00000000c0000000, 0x00000000c5700000, 0x00000000eab00000)
  object space 89088K, 99% used [0x00000000c0000000,0x00000000c56846f8,0x00000000c5700000)
 Metaspace       used 60349K, committed 61760K, reserved 1114112K
  class space    used 6143K, committed 6784K, reserved 1048576K
}
Event: 21.632 GC heap before
{Heap before GC invocations=55 (full 3):
 PSYoungGen      total 15872K, used 15657K [0x00000000eab00000, 0x00000000ebe00000, 0x0000000100000000)
  eden space 13312K, 100% used [0x00000000eab00000,0x00000000eb800000,0x00000000eb800000)
  from space 2560K, 91% used [0x00000000eb800000,0x00000000eba4a770,0x00000000eba80000)
  to   space 3072K, 0% used [0x00000000ebb00000,0x00000000ebb00000,0x00000000ebe00000)
 ParOldGen       total 89088K, used 88593K [0x00000000c0000000, 0x00000000c5700000, 0x00000000eab00000)
  object space 89088K, 99% used [0x00000000c0000000,0x00000000c56846f8,0x00000000c5700000)
 Metaspace       used 60693K, committed 62080K, reserved 1114112K
  class space    used 6176K, committed 6784K, reserved 1048576K
}
Event: 21.640 GC heap after
{Heap after GC invocations=55 (full 3):
 PSYoungGen      total 15360K, used 1978K [0x00000000eab00000, 0x00000000ebd00000, 0x0000000100000000)
  eden space 13312K, 0% used [0x00000000eab00000,0x00000000eab00000,0x00000000eb800000)
  from space 2048K, 96% used [0x00000000ebb00000,0x00000000ebceebc0,0x00000000ebd00000)
  to   space 2560K, 0% used [0x00000000eb800000,0x00000000eb800000,0x00000000eba80000)
 ParOldGen       total 91136K, used 90781K [0x00000000c0000000, 0x00000000c5900000, 0x00000000eab00000)
  object space 91136K, 99% used [0x00000000c0000000,0x00000000c58a76e8,0x00000000c5900000)
 Metaspace       used 60693K, committed 62080K, reserved 1114112K
  class space    used 6176K, committed 6784K, reserved 1048576K
}
Event: 21.764 GC heap before
{Heap before GC invocations=56 (full 3):
 PSYoungGen      total 15360K, used 15256K [0x00000000eab00000, 0x00000000ebd00000, 0x0000000100000000)
  eden space 13312K, 99% used [0x00000000eab00000,0x00000000eb7f7570,0x00000000eb800000)
  from space 2048K, 96% used [0x00000000ebb00000,0x00000000ebceebc0,0x00000000ebd00000)
  to   space 2560K, 0% used [0x00000000eb800000,0x00000000eb800000,0x00000000eba80000)
 ParOldGen       total 91136K, used 90781K [0x00000000c0000000, 0x00000000c5900000, 0x00000000eab00000)
  object space 91136K, 99% used [0x00000000c0000000,0x00000000c58a76e8,0x00000000c5900000)
 Metaspace       used 60782K, committed 62144K, reserved 1114112K
  class space    used 6178K, committed 6784K, reserved 1048576K
}
Event: 21.770 GC heap after
{Heap after GC invocations=56 (full 3):
 PSYoungGen      total 15872K, used 2144K [0x00000000eab00000, 0x00000000ebd00000, 0x0000000100000000)
  eden space 13312K, 0% used [0x00000000eab00000,0x00000000eab00000,0x00000000eb800000)
  from space 2560K, 83% used [0x00000000eb800000,0x00000000eba18340,0x00000000eba80000)
  to   space 2560K, 0% used [0x00000000eba80000,0x00000000eba80000,0x00000000ebd00000)
 ParOldGen       total 92672K, used 92628K [0x00000000c0000000, 0x00000000c5a80000, 0x00000000eab00000)
  object space 92672K, 99% used [0x00000000c0000000,0x00000000c5a75338,0x00000000c5a80000)
 Metaspace       used 60782K, committed 62144K, reserved 1114112K
  class space    used 6178K, committed 6784K, reserved 1048576K
}
Event: 21.934 GC heap before
{Heap before GC invocations=57 (full 3):
 PSYoungGen      total 15872K, used 15451K [0x00000000eab00000, 0x00000000ebd00000, 0x0000000100000000)
  eden space 13312K, 99% used [0x00000000eab00000,0x00000000eb7feb60,0x00000000eb800000)
  from space 2560K, 83% used [0x00000000eb800000,0x00000000eba18340,0x00000000eba80000)
  to   space 2560K, 0% used [0x00000000eba80000,0x00000000eba80000,0x00000000ebd00000)
 ParOldGen       total 92672K, used 92628K [0x00000000c0000000, 0x00000000c5a80000, 0x00000000eab00000)
  object space 92672K, 99% used [0x00000000c0000000,0x00000000c5a75338,0x00000000c5a80000)
 Metaspace       used 60841K, committed 62272K, reserved 1114112K
  class space    used 6178K, committed 6784K, reserved 1048576K
}
Event: 21.941 GC heap after
{Heap after GC invocations=57 (full 3):
 PSYoungGen      total 15872K, used 2032K [0x00000000eab00000, 0x00000000ebd00000, 0x0000000100000000)
  eden space 13312K, 0% used [0x00000000eab00000,0x00000000eab00000,0x00000000eb800000)
  from space 2560K, 79% used [0x00000000eba80000,0x00000000ebc7c0b0,0x00000000ebd00000)
  to   space 2560K, 0% used [0x00000000eb800000,0x00000000eb800000,0x00000000eba80000)
 ParOldGen       total 94720K, used 94610K [0x00000000c0000000, 0x00000000c5c80000, 0x00000000eab00000)
  object space 94720K, 99% used [0x00000000c0000000,0x00000000c5c64be8,0x00000000c5c80000)
 Metaspace       used 60841K, committed 62272K, reserved 1114112K
  class space    used 6178K, committed 6784K, reserved 1048576K
}
Event: 22.023 GC heap before
{Heap before GC invocations=58 (full 3):
 PSYoungGen      total 15872K, used 15344K [0x00000000eab00000, 0x00000000ebd00000, 0x0000000100000000)
  eden space 13312K, 100% used [0x00000000eab00000,0x00000000eb800000,0x00000000eb800000)
  from space 2560K, 79% used [0x00000000eba80000,0x00000000ebc7c0b0,0x00000000ebd00000)
  to   space 2560K, 0% used [0x00000000eb800000,0x00000000eb800000,0x00000000eba80000)
 ParOldGen       total 94720K, used 94611K [0x00000000c0000000, 0x00000000c5c80000, 0x00000000eab00000)
  object space 94720K, 99% used [0x00000000c0000000,0x00000000c5c64c00,0x00000000c5c80000)
 Metaspace       used 60851K, committed 62272K, reserved 1114112K
  class space    used 6179K, committed 6784K, reserved 1048576K
}
Event: 22.027 GC heap after
{Heap after GC invocations=58 (full 3):
 PSYoungGen      total 15872K, used 2252K [0x00000000eab00000, 0x00000000ebd00000, 0x0000000100000000)
  eden space 13312K, 0% used [0x00000000eab00000,0x00000000eab00000,0x00000000eb800000)
  from space 2560K, 87% used [0x00000000eb800000,0x00000000eba33278,0x00000000eba80000)
  to   space 2560K, 0% used [0x00000000eba80000,0x00000000eba80000,0x00000000ebd00000)
 ParOldGen       total 96768K, used 96550K [0x00000000c0000000, 0x00000000c5e80000, 0x00000000eab00000)
  object space 96768K, 99% used [0x00000000c0000000,0x00000000c5e49b60,0x00000000c5e80000)
 Metaspace       used 60851K, committed 62272K, reserved 1114112K
  class space    used 6179K, committed 6784K, reserved 1048576K
}

