# JRE version: OpenJDK Runtime Environment Temurin-21.0.7+6 (21.0.7+6) (build 21.0.7+6-LTS)
# Java VM: OpenJDK 64-Bit Server VM Temurin-21.0.7+6 (21.0.7+6-LTS, mixed mode, sharing, tiered, compressed oops, compressed class ptrs, g1 gc, windows-amd64)
GC Precious Log:
 CardTable entry size: 512
 Card Set container configuration: InlinePtr #cards 5 size 8 Array Of Cards #cards 12 size 40 Howl #buckets 4 coarsen threshold 1843 Howl Bitmap #cards 512 size 80 coarsen threshold 460 Card regions per heap region 1 cards per card region 2048
 CPUs: 4 total, 4 available
 Memory: 6058M
 Large Page Support: Disabled
 NUMA Support: Disabled
 Compressed Oops: Enabled (32-bit)
 Heap Region Size: 1M
 Heap Min Capacity: 8M
 Heap Initial Capacity: 96M
 Heap Max Capacity: 1516M
 Pre-touch: Disabled
 Parallel Workers: 4
 Concurrent Workers: 1
 Concurrent Refinement Workers: 4
 Periodic GC: Disabled
Heap:
 garbage-first heap   total 51200K, used 20220K [0x00000000a1400000, 0x0000000100000000)
  region size 1024K, 13 young (13312K), 5 survivors (5120K)
 Metaspace       used 21352K, committed 21760K, reserved 1114112K
  class space    used 2616K, committed 2816K, reserved 1048576K
GC Heap History (8 events):
Event: 4.484 GC heap before
{Heap before GC invocations=0 (full 0):
 garbage-first heap   total 98304K, used 14336K [0x00000000a1400000, 0x0000000100000000)
  region size 1024K, 13 young (13312K), 0 survivors (0K)
 Metaspace       used 3314K, committed 3456K, reserved 1114112K
  class space    used 334K, committed 384K, reserved 1048576K
}
Event: 4.604 GC heap after
{Heap after GC invocations=1 (full 0):
 garbage-first heap   total 98304K, used 7456K [0x00000000a1400000, 0x0000000100000000)
  region size 1024K, 2 young (2048K), 2 survivors (2048K)
 Metaspace       used 3314K, committed 3456K, reserved 1114112K
  class space    used 334K, committed 384K, reserved 1048576K
}
Event: 8.192 GC heap before
{Heap before GC invocations=1 (full 0):
 garbage-first heap   total 98304K, used 19744K [0x00000000a1400000, 0x0000000100000000)
  region size 1024K, 14 young (14336K), 2 survivors (2048K)
 Metaspace       used 8151K, committed 8384K, reserved 1114112K
  class space    used 917K, committed 1024K, reserved 1048576K
}
Event: 8.202 GC heap after
{Heap after GC invocations=2 (full 0):
 garbage-first heap   total 98304K, used 9622K [0x00000000a1400000, 0x0000000100000000)
  region size 1024K, 2 young (2048K), 2 survivors (2048K)
 Metaspace       used 8151K, committed 8384K, reserved 1114112K
  class space    used 917K, committed 1024K, reserved 1048576K
}
Event: 10.658 GC heap before
{Heap before GC invocations=2 (full 0):
 garbage-first heap   total 98304K, used 30102K [0x00000000a1400000, 0x0000000100000000)
  region size 1024K, 23 young (23552K), 2 survivors (2048K)
 Metaspace       used 10918K, committed 11264K, reserved 1114112K
  class space    used 1281K, committed 1408K, reserved 1048576K
}
Event: 10.666 GC heap after
{Heap after GC invocations=3 (full 0):
 garbage-first heap   total 98304K, used 10565K [0x00000000a1400000, 0x0000000100000000)
  region size 1024K, 1 young (1024K), 1 survivors (1024K)
 Metaspace       used 10918K, committed 11264K, reserved 1114112K
  class space    used 1281K, committed 1408K, reserved 1048576K
}
Event: 21.472 GC heap before
{Heap before GC invocations=3 (full 0):
 garbage-first heap   total 98304K, used 65861K [0x00000000a1400000, 0x0000000100000000)
  region size 1024K, 57 young (58368K), 1 survivors (1024K)
 Metaspace       used 21191K, committed 21504K, reserved 1114112K
  class space    used 2597K, committed 2752K, reserved 1048576K
}
Event: 21.482 GC heap after
{Heap after GC invocations=4 (full 0):
 garbage-first heap   total 98304K, used 14076K [0x00000000a1400000, 0x0000000100000000)
  region size 1024K, 5 young (5120K), 5 survivors (5120K)
 Metaspace       used 21191K, committed 21504K, reserved 1114112K
  class space    used 2597K, committed 2752K, reserved 1048576K
}

