# JRE version: OpenJDK Runtime Environment Temurin-21.0.7+6 (21.0.7+6) (build 21.0.7+6-LTS)
# Java VM: OpenJDK 64-Bit Server VM Temurin-21.0.7+6 (21.0.7+6-LTS, mixed mode, sharing, tiered, compressed oops, compressed class ptrs, parallel gc, windows-amd64)
GC Precious Log:
 CardTable entry size: 512
 CPUs: 4 total, 4 available
 Memory: 6058M
 Large Page Support: Disabled
 NUMA Support: Disabled
 Compressed Oops: Enabled (32-bit)
 Alignments: Space 512K, Generation 512K, Heap 2M
 Heap Min Capacity: 100M
 Heap Initial Capacity: 100M
 Heap Max Capacity: 1G
 Pre-touch: Disabled
 Parallel Workers: 4
Heap:
 PSYoungGen      total 3584K, used 1970K [0x00000000eab00000, 0x00000000eb080000, 0x0000000100000000)
  eden space 2560K, 70% used [0x00000000eab00000,0x00000000eacc4a30,0x00000000ead80000)
  from space 1024K, 15% used [0x00000000eae80000,0x00000000eaea8000,0x00000000eaf80000)
  to   space 512K, 0% used [0x00000000eb000000,0x00000000eb000000,0x00000000eb080000)
 ParOldGen       total 189952K, used 189925K [0x00000000c0000000, 0x00000000cb980000, 0x00000000eab00000)
  object space 189952K, 99% used [0x00000000c0000000,0x00000000cb979668,0x00000000cb980000)
 Metaspace       used 85776K, committed 87488K, reserved 1179648K
  class space    used 8394K, committed 9280K, reserved 1048576K
GC Heap History (20 events):
Event: 7237.934 GC heap before
{Heap before GC invocations=2025 (full 5):
 PSYoungGen      total 3072K, used 2816K [0x00000000eab00000, 0x00000000eb100000, 0x0000000100000000)
  eden space 2560K, 100% used [0x00000000eab00000,0x00000000ead80000,0x00000000ead80000)
  from space 512K, 50% used [0x00000000eb000000,0x00000000eb040000,0x00000000eb080000)
  to   space 512K, 0% used [0x00000000eb080000,0x00000000eb080000,0x00000000eb100000)
 ParOldGen       total 187392K, used 186964K [0x00000000c0000000, 0x00000000cb700000, 0x00000000eab00000)
  object space 187392K, 99% used [0x00000000c0000000,0x00000000cb695098,0x00000000cb700000)
 Metaspace       used 85655K, committed 87488K, reserved 1179648K
  class space    used 8378K, committed 9280K, reserved 1048576K
}
Event: 7237.938 GC heap after
{Heap after GC invocations=2025 (full 5):
 PSYoungGen      total 3072K, used 512K [0x00000000eab00000, 0x00000000eb100000, 0x0000000100000000)
  eden space 2560K, 0% used [0x00000000eab00000,0x00000000eab00000,0x00000000ead80000)
  from space 512K, 100% used [0x00000000eb080000,0x00000000eb100000,0x00000000eb100000)
  to   space 1024K, 0% used [0x00000000eaf00000,0x00000000eaf00000,0x00000000eb000000)
 ParOldGen       total 187392K, used 187132K [0x00000000c0000000, 0x00000000cb700000, 0x00000000eab00000)
  object space 187392K, 99% used [0x00000000c0000000,0x00000000cb6bf098,0x00000000cb700000)
 Metaspace       used 85655K, committed 87488K, reserved 1179648K
  class space    used 8378K, committed 9280K, reserved 1048576K
}
Event: 7238.079 GC heap before
{Heap before GC invocations=2026 (full 5):
 PSYoungGen      total 3072K, used 3072K [0x00000000eab00000, 0x00000000eb100000, 0x0000000100000000)
  eden space 2560K, 100% used [0x00000000eab00000,0x00000000ead80000,0x00000000ead80000)
  from space 512K, 100% used [0x00000000eb080000,0x00000000eb100000,0x00000000eb100000)
  to   space 1024K, 0% used [0x00000000eaf00000,0x00000000eaf00000,0x00000000eb000000)
 ParOldGen       total 187392K, used 187132K [0x00000000c0000000, 0x00000000cb700000, 0x00000000eab00000)
  object space 187392K, 99% used [0x00000000c0000000,0x00000000cb6bf098,0x00000000cb700000)
 Metaspace       used 85657K, committed 87488K, reserved 1179648K
  class space    used 8378K, committed 9280K, reserved 1048576K
}
Event: 7238.082 GC heap after
{Heap after GC invocations=2026 (full 5):
 PSYoungGen      total 3584K, used 544K [0x00000000eab00000, 0x00000000eb100000, 0x0000000100000000)
  eden space 2560K, 0% used [0x00000000eab00000,0x00000000eab00000,0x00000000ead80000)
  from space 1024K, 53% used [0x00000000eaf00000,0x00000000eaf88000,0x00000000eb000000)
  to   space 1024K, 0% used [0x00000000eb000000,0x00000000eb000000,0x00000000eb100000)
 ParOldGen       total 187904K, used 187560K [0x00000000c0000000, 0x00000000cb780000, 0x00000000eab00000)
  object space 187904K, 99% used [0x00000000c0000000,0x00000000cb72a0c8,0x00000000cb780000)
 Metaspace       used 85657K, committed 87488K, reserved 1179648K
  class space    used 8378K, committed 9280K, reserved 1048576K
}
Event: 7249.232 GC heap before
{Heap before GC invocations=2027 (full 5):
 PSYoungGen      total 3584K, used 3104K [0x00000000eab00000, 0x00000000eb100000, 0x0000000100000000)
  eden space 2560K, 100% used [0x00000000eab00000,0x00000000ead80000,0x00000000ead80000)
  from space 1024K, 53% used [0x00000000eaf00000,0x00000000eaf88000,0x00000000eb000000)
  to   space 1024K, 0% used [0x00000000eb000000,0x00000000eb000000,0x00000000eb100000)
 ParOldGen       total 187904K, used 187560K [0x00000000c0000000, 0x00000000cb780000, 0x00000000eab00000)
  object space 187904K, 99% used [0x00000000c0000000,0x00000000cb72a0c8,0x00000000cb780000)
 Metaspace       used 85657K, committed 87488K, reserved 1179648K
  class space    used 8378K, committed 9280K, reserved 1048576K
}
Event: 7249.237 GC heap after
{Heap after GC invocations=2027 (full 5):
 PSYoungGen      total 3072K, used 208K [0x00000000eab00000, 0x00000000eb080000, 0x0000000100000000)
  eden space 2560K, 0% used [0x00000000eab00000,0x00000000eab00000,0x00000000ead80000)
  from space 512K, 40% used [0x00000000eb000000,0x00000000eb034010,0x00000000eb080000)
  to   space 512K, 0% used [0x00000000eaf80000,0x00000000eaf80000,0x00000000eb000000)
 ParOldGen       total 188416K, used 187918K [0x00000000c0000000, 0x00000000cb800000, 0x00000000eab00000)
  object space 188416K, 99% used [0x00000000c0000000,0x00000000cb783ae8,0x00000000cb800000)
 Metaspace       used 85657K, committed 87488K, reserved 1179648K
  class space    used 8378K, committed 9280K, reserved 1048576K
}
Event: 7249.255 GC heap before
{Heap before GC invocations=2028 (full 5):
 PSYoungGen      total 3072K, used 2768K [0x00000000eab00000, 0x00000000eb080000, 0x0000000100000000)
  eden space 2560K, 100% used [0x00000000eab00000,0x00000000ead80000,0x00000000ead80000)
  from space 512K, 40% used [0x00000000eb000000,0x00000000eb034010,0x00000000eb080000)
  to   space 512K, 0% used [0x00000000eaf80000,0x00000000eaf80000,0x00000000eb000000)
 ParOldGen       total 188416K, used 187918K [0x00000000c0000000, 0x00000000cb800000, 0x00000000eab00000)
  object space 188416K, 99% used [0x00000000c0000000,0x00000000cb783ae8,0x00000000cb800000)
 Metaspace       used 85657K, committed 87488K, reserved 1179648K
  class space    used 8378K, committed 9280K, reserved 1048576K
}
Event: 7249.257 GC heap after
{Heap after GC invocations=2028 (full 5):
 PSYoungGen      total 3072K, used 458K [0x00000000eab00000, 0x00000000eb080000, 0x0000000100000000)
  eden space 2560K, 0% used [0x00000000eab00000,0x00000000eab00000,0x00000000ead80000)
  from space 512K, 89% used [0x00000000eaf80000,0x00000000eaff2910,0x00000000eb000000)
  to   space 512K, 0% used [0x00000000eb000000,0x00000000eb000000,0x00000000eb080000)
 ParOldGen       total 188416K, used 187978K [0x00000000c0000000, 0x00000000cb800000, 0x00000000eab00000)
  object space 188416K, 99% used [0x00000000c0000000,0x00000000cb792998,0x00000000cb800000)
 Metaspace       used 85657K, committed 87488K, reserved 1179648K
  class space    used 8378K, committed 9280K, reserved 1048576K
}
Event: 7249.348 GC heap before
{Heap before GC invocations=2029 (full 5):
 PSYoungGen      total 3072K, used 3018K [0x00000000eab00000, 0x00000000eb080000, 0x0000000100000000)
  eden space 2560K, 100% used [0x00000000eab00000,0x00000000ead80000,0x00000000ead80000)
  from space 512K, 89% used [0x00000000eaf80000,0x00000000eaff2910,0x00000000eb000000)
  to   space 512K, 0% used [0x00000000eb000000,0x00000000eb000000,0x00000000eb080000)
 ParOldGen       total 188416K, used 187978K [0x00000000c0000000, 0x00000000cb800000, 0x00000000eab00000)
  object space 188416K, 99% used [0x00000000c0000000,0x00000000cb792998,0x00000000cb800000)
 Metaspace       used 85657K, committed 87488K, reserved 1179648K
  class space    used 8378K, committed 9280K, reserved 1048576K
}
Event: 7249.353 GC heap after
{Heap after GC invocations=2029 (full 5):
 PSYoungGen      total 3072K, used 384K [0x00000000eab00000, 0x00000000eb080000, 0x0000000100000000)
  eden space 2560K, 0% used [0x00000000eab00000,0x00000000eab00000,0x00000000ead80000)
  from space 512K, 75% used [0x00000000eb000000,0x00000000eb060000,0x00000000eb080000)
  to   space 512K, 0% used [0x00000000eaf80000,0x00000000eaf80000,0x00000000eb000000)
 ParOldGen       total 188416K, used 188382K [0x00000000c0000000, 0x00000000cb800000, 0x00000000eab00000)
  object space 188416K, 99% used [0x00000000c0000000,0x00000000cb7f7ba8,0x00000000cb800000)
 Metaspace       used 85657K, committed 87488K, reserved 1179648K
  class space    used 8378K, committed 9280K, reserved 1048576K
}
Event: 7249.396 GC heap before
{Heap before GC invocations=2030 (full 5):
 PSYoungGen      total 3072K, used 2944K [0x00000000eab00000, 0x00000000eb080000, 0x0000000100000000)
  eden space 2560K, 100% used [0x00000000eab00000,0x00000000ead80000,0x00000000ead80000)
  from space 512K, 75% used [0x00000000eb000000,0x00000000eb060000,0x00000000eb080000)
  to   space 512K, 0% used [0x00000000eaf80000,0x00000000eaf80000,0x00000000eb000000)
 ParOldGen       total 188416K, used 188382K [0x00000000c0000000, 0x00000000cb800000, 0x00000000eab00000)
  object space 188416K, 99% used [0x00000000c0000000,0x00000000cb7f7ba8,0x00000000cb800000)
 Metaspace       used 85657K, committed 87488K, reserved 1179648K
  class space    used 8378K, committed 9280K, reserved 1048576K
}
Event: 7249.399 GC heap after
{Heap after GC invocations=2030 (full 5):
 PSYoungGen      total 3072K, used 320K [0x00000000eab00000, 0x00000000eb080000, 0x0000000100000000)
  eden space 2560K, 0% used [0x00000000eab00000,0x00000000eab00000,0x00000000ead80000)
  from space 512K, 62% used [0x00000000eaf80000,0x00000000eafd0000,0x00000000eb000000)
  to   space 512K, 0% used [0x00000000eb000000,0x00000000eb000000,0x00000000eb080000)
 ParOldGen       total 188928K, used 188686K [0x00000000c0000000, 0x00000000cb880000, 0x00000000eab00000)
  object space 188928K, 99% used [0x00000000c0000000,0x00000000cb843be8,0x00000000cb880000)
 Metaspace       used 85657K, committed 87488K, reserved 1179648K
  class space    used 8378K, committed 9280K, reserved 1048576K
}
Event: 7249.421 GC heap before
{Heap before GC invocations=2031 (full 5):
 PSYoungGen      total 3072K, used 2880K [0x00000000eab00000, 0x00000000eb080000, 0x0000000100000000)
  eden space 2560K, 100% used [0x00000000eab00000,0x00000000ead80000,0x00000000ead80000)
  from space 512K, 62% used [0x00000000eaf80000,0x00000000eafd0000,0x00000000eb000000)
  to   space 512K, 0% used [0x00000000eb000000,0x00000000eb000000,0x00000000eb080000)
 ParOldGen       total 188928K, used 188686K [0x00000000c0000000, 0x00000000cb880000, 0x00000000eab00000)
  object space 188928K, 99% used [0x00000000c0000000,0x00000000cb843be8,0x00000000cb880000)
 Metaspace       used 85658K, committed 87488K, reserved 1179648K
  class space    used 8378K, committed 9280K, reserved 1048576K
}
Event: 7249.427 GC heap after
{Heap after GC invocations=2031 (full 5):
 PSYoungGen      total 3072K, used 288K [0x00000000eab00000, 0x00000000eb080000, 0x0000000100000000)
  eden space 2560K, 0% used [0x00000000eab00000,0x00000000eab00000,0x00000000ead80000)
  from space 512K, 56% used [0x00000000eb000000,0x00000000eb048000,0x00000000eb080000)
  to   space 512K, 0% used [0x00000000eaf80000,0x00000000eaf80000,0x00000000eb000000)
 ParOldGen       total 188928K, used 188911K [0x00000000c0000000, 0x00000000cb880000, 0x00000000eab00000)
  object space 188928K, 99% used [0x00000000c0000000,0x00000000cb87bc28,0x00000000cb880000)
 Metaspace       used 85658K, committed 87488K, reserved 1179648K
  class space    used 8378K, committed 9280K, reserved 1048576K
}
Event: 7249.443 GC heap before
{Heap before GC invocations=2032 (full 5):
 PSYoungGen      total 3072K, used 2848K [0x00000000eab00000, 0x00000000eb080000, 0x0000000100000000)
  eden space 2560K, 100% used [0x00000000eab00000,0x00000000ead80000,0x00000000ead80000)
  from space 512K, 56% used [0x00000000eb000000,0x00000000eb048000,0x00000000eb080000)
  to   space 512K, 0% used [0x00000000eaf80000,0x00000000eaf80000,0x00000000eb000000)
 ParOldGen       total 188928K, used 188911K [0x00000000c0000000, 0x00000000cb880000, 0x00000000eab00000)
  object space 188928K, 99% used [0x00000000c0000000,0x00000000cb87bc28,0x00000000cb880000)
 Metaspace       used 85660K, committed 87488K, reserved 1179648K
  class space    used 8378K, committed 9280K, reserved 1048576K
}
Event: 7249.447 GC heap after
{Heap after GC invocations=2032 (full 5):
 PSYoungGen      total 3072K, used 288K [0x00000000eab00000, 0x00000000eb080000, 0x0000000100000000)
  eden space 2560K, 0% used [0x00000000eab00000,0x00000000eab00000,0x00000000ead80000)
  from space 512K, 56% used [0x00000000eaf80000,0x00000000eafc8000,0x00000000eb000000)
  to   space 512K, 0% used [0x00000000eb000000,0x00000000eb000000,0x00000000eb080000)
 ParOldGen       total 189440K, used 189107K [0x00000000c0000000, 0x00000000cb900000, 0x00000000eab00000)
  object space 189440K, 99% used [0x00000000c0000000,0x00000000cb8acc38,0x00000000cb900000)
 Metaspace       used 85660K, committed 87488K, reserved 1179648K
  class space    used 8378K, committed 9280K, reserved 1048576K
}
Event: 7249.498 GC heap before
{Heap before GC invocations=2033 (full 5):
 PSYoungGen      total 3072K, used 2848K [0x00000000eab00000, 0x00000000eb080000, 0x0000000100000000)
  eden space 2560K, 100% used [0x00000000eab00000,0x00000000ead80000,0x00000000ead80000)
  from space 512K, 56% used [0x00000000eaf80000,0x00000000eafc8000,0x00000000eb000000)
  to   space 512K, 0% used [0x00000000eb000000,0x00000000eb000000,0x00000000eb080000)
 ParOldGen       total 189440K, used 189107K [0x00000000c0000000, 0x00000000cb900000, 0x00000000eab00000)
  object space 189440K, 99% used [0x00000000c0000000,0x00000000cb8acc38,0x00000000cb900000)
 Metaspace       used 85665K, committed 87488K, reserved 1179648K
  class space    used 8378K, committed 9280K, reserved 1048576K
}
Event: 7249.503 GC heap after
{Heap after GC invocations=2033 (full 5):
 PSYoungGen      total 3072K, used 512K [0x00000000eab00000, 0x00000000eb080000, 0x0000000100000000)
  eden space 2560K, 0% used [0x00000000eab00000,0x00000000eab00000,0x00000000ead80000)
  from space 512K, 100% used [0x00000000eb000000,0x00000000eb080000,0x00000000eb080000)
  to   space 1024K, 0% used [0x00000000eae80000,0x00000000eae80000,0x00000000eaf80000)
 ParOldGen       total 189440K, used 189403K [0x00000000c0000000, 0x00000000cb900000, 0x00000000eab00000)
  object space 189440K, 99% used [0x00000000c0000000,0x00000000cb8f6c68,0x00000000cb900000)
 Metaspace       used 85665K, committed 87488K, reserved 1179648K
  class space    used 8378K, committed 9280K, reserved 1048576K
}
Event: 7258.257 GC heap before
{Heap before GC invocations=2034 (full 5):
 PSYoungGen      total 3072K, used 3071K [0x00000000eab00000, 0x00000000eb080000, 0x0000000100000000)
  eden space 2560K, 99% used [0x00000000eab00000,0x00000000ead7fff8,0x00000000ead80000)
  from space 512K, 100% used [0x00000000eb000000,0x00000000eb080000,0x00000000eb080000)
  to   space 1024K, 0% used [0x00000000eae80000,0x00000000eae80000,0x00000000eaf80000)
 ParOldGen       total 189440K, used 189403K [0x00000000c0000000, 0x00000000cb900000, 0x00000000eab00000)
  object space 189440K, 99% used [0x00000000c0000000,0x00000000cb8f6c68,0x00000000cb900000)
 Metaspace       used 85686K, committed 87488K, reserved 1179648K
  class space    used 8381K, committed 9280K, reserved 1048576K
}
Event: 7258.272 GC heap after
{Heap after GC invocations=2034 (full 5):
 PSYoungGen      total 3584K, used 160K [0x00000000eab00000, 0x00000000eb080000, 0x0000000100000000)
  eden space 2560K, 0% used [0x00000000eab00000,0x00000000eab00000,0x00000000ead80000)
  from space 1024K, 15% used [0x00000000eae80000,0x00000000eaea8000,0x00000000eaf80000)
  to   space 512K, 0% used [0x00000000eb000000,0x00000000eb000000,0x00000000eb080000)
 ParOldGen       total 189952K, used 189925K [0x00000000c0000000, 0x00000000cb980000, 0x00000000eab00000)
  object space 189952K, 99% used [0x00000000c0000000,0x00000000cb979668,0x00000000cb980000)
 Metaspace       used 85686K, committed 87488K, reserved 1179648K
  class space    used 8381K, committed 9280K, reserved 1048576K
}

